AX51 MACRO ASSEMBLER  STARTUP                                                               07/01/18 15:38:53 PAGE     1


MACRO ASSEMBLER AX51 V3.12.0.0
OBJECT MODULE PLACED IN .\Output\STARTUP.obj
ASSEMBLER INVOKED BY: E:\Soft\keil472a\C51\BIN\AX51.EXE ..\..\Startup\STARTUP.A51 SET(SMALL) DEBUG PRINT(.\LST\STARTUP.l
                      st) OBJECT(.\Output\STARTUP.obj) EP

LOC    OBJ             LINE     SOURCE

                          1     $nomod51 
                          2     ;------------------------------------------------------------------------------
                          3     ;  This file is part of the C51 Compiler package
                          4     ;  Copyright (c) 1988-2002 Keil Elektronik GmbH and Keil Software, Inc.
                          5     ;------------------------------------------------------------------------------
                          6     ;  STARTUP.A51:  This code is executed after processor reset.
                          7     ;
                          8     ;  To translate this file use A51 with the following invocation:
                          9     ;
                         10     ;     A51 STARTUP.A51
                         11     ;
                         12     ;  To link the modified STARTUP.OBJ file to your application use the following
                         13     ;  BL51 invocation:
                         14     ;
                         15     ;     BL51 <your object file list>, STARTUP.OBJ <controls>
                         16     ;
                         17     ;------------------------------------------------------------------------------
                         18     ;
                         19     ;  User-defined Power-On Initialization of Memory
                         20     ;
                         21     ;  With the following EQU statements the initialization of memory
                         22     ;  at processor reset can be defined:
                         23     ;
                         24     ;               ; the absolute start-address of IDATA memory is always 0
                         25     ;IDATALEN        EQU     80H     ; the length of IDATA memory in bytes.
                         26     ;IDATALEN        EQU     0H     ; the length of IDATA memory in bytes.
                         27     
 0000                    28     IDATASTART        EQU     0H     ; the length of IDATA memory in bytes.
 00FF                    29     IDATALEN        EQU     0FFH     ; the length of IDATA memory in bytes.
                         30     ;
 0000                    31     XDATASTART      EQU     0H      ; the absolute start-address of XDATA memory
 00FF                    32     XDATALEN        EQU     0FFH     ; the length of XDATA memory in bytes.
                         33     ;XDATALEN        EQU     0H     ; the length of XDATA memory in bytes.
                         34     ;
 0000                    35     PDATASTART      EQU     0H      ; the absolute start-address of PDATA memory
 0000                    36     PDATALEN        EQU     0H      ; the length of PDATA memory in bytes.
                         37     ;
                         38     ;  Notes:  The IDATA space overlaps physically the DATA and BIT areas of the
                         39     ;          8051 CPU. At minimum the memory space occupied from the C51 
                         40     ;          run-time routines must be set to zero.
                         41     ;------------------------------------------------------------------------------
                         42     ;
                         43     ;  Reentrant Stack Initilization
                         44     ;
                         45     ;  The following EQU statements define the stack pointer for reentrant
                         46     ;  functions and initialized it:
                         47     ;
                         48     ;  Stack Space for reentrant functions in the SMALL model.
 0000                    49     IBPSTACK        EQU     0       ; set to 1 if small reentrant is used.
 0100                    50     IBPSTACKTOP     EQU     0FFH+1  ; set top of stack to highest location+1.
                         51     ;
                         52     ;  Stack Space for reentrant functions in the LARGE model.      
 0000                    53     XBPSTACK        EQU     0       ; set to 1 if large reentrant is used.
 00010000                54     XBPSTACKTOP     EQU     0FFFFH+1; set top of stack to highest location+1.
                         55     ;
                         56     ;  Stack Space for reentrant functions in the COMPACT model.    
 0000                    57     PBPSTACK        EQU     0       ; set to 1 if compact reentrant is used.
AX51 MACRO ASSEMBLER  STARTUP                                                               07/01/18 15:38:53 PAGE     2

 00010000                58     PBPSTACKTOP     EQU     0FFFFH+1; set top of stack to highest location+1.
                         59     ;
                         60     ;------------------------------------------------------------------------------
                         61     ;
                         62     ;  Page Definition for Using the Compact Model with 64 KByte xdata RAM
                         63     ;
                         64     ;  The following EQU statements define the xdata page used for pdata
                         65     ;  variables. The EQU PPAGE must conform with the PPAGE control used
                         66     ;  in the linker invocation.
                         67     ;
 0000                    68     PPAGEENABLE     EQU     0       ; set to 1 if pdata object are used.
                         69     ;
 0000                    70     PPAGE           EQU     0       ; define PPAGE number.
                         71     ;
 00A0                    72     PPAGE_SFR       DATA    0A0H    ; SFR that supplies uppermost address byte
                         73     ;               (most 8051 variants use P2 as uppermost address byte)
                         74     ;
                         75     ;------------------------------------------------------------------------------
                         76     
                         77     ; Standard SFR Symbols 
 00E0                    78     ACC     DATA    0E0H
 00F0                    79     B       DATA    0F0H
 0081                    80     SP      DATA    81H
 0082                    81     DPL     DATA    82H
 0083                    82     DPH     DATA    83H
                         83     
                         84                     NAME    ?C_STARTUP
                         85     
                         86     
------                   87     ?C_C51STARTUP   SEGMENT   CODE
------                   88     ?STACK          SEGMENT   IDATA
                         89     
------                   90                     RSEG    ?STACK
000000                   91                     DS      1
                         92     
                         93                     EXTRN CODE (?C_START)
                         94                     PUBLIC  ?C_STARTUP
                         95     
000000                   96                     CSEG    AT      0
000000 020000     F      97     ?C_STARTUP:     LJMP    STARTUP1
                         98     
------                   99                     RSEG    ?C_C51STARTUP
                        100     
000000                  101     STARTUP1:
                        102     
                        103     ;IF IDATALEN <> 0
                        104     ;                MOV     R0,#IDATALEN - 1
                        105     ;                CLR     A
                        106     ;IDATALOOP:      MOV     @R0,A
                        107     ;                DJNZ    R0,IDATALOOP
                        108     ;ENDIF
                        109             
                        110     IF IDATALEN <> 0
000000 7800             111                     MOV     R0,#IDATASTART
000002 E4               112                     CLR     A
000003 F6               113     IDATALOOP:      MOV     @R0,A
000004 D8FD             114                     DJNZ    R0,IDATALOOP
                        115     ENDIF
                        116     
                        117     IF XDATALEN <> 0
000006 900000           118                     MOV     DPTR,#XDATASTART
000009 7FFF             119                     MOV     R7,#LOW (XDATALEN)
                        120       IF (LOW (XDATALEN)) <> 0
00000B 7E01             121                     MOV     R6,#(HIGH (XDATALEN)) +1
                        122       ELSE
                                                MOV     R6,#HIGH (XDATALEN)
AX51 MACRO ASSEMBLER  STARTUP                                                               07/01/18 15:38:53 PAGE     3

                                  ENDIF
00000D E4               125                     CLR     A
00000E F0               126     XDATALOOP:      MOVX    @DPTR,A
00000F A3               127                     INC     DPTR
000010 DFFC             128                     DJNZ    R7,XDATALOOP
000012 DEFA             129                     DJNZ    R6,XDATALOOP
                        130     ENDIF
                        131     
                        132     IF PPAGEENABLE <> 0
                                                MOV     PPAGE_SFR,#PPAGE
                                ENDIF
                        135     
                        136     IF PDATALEN <> 0
                                                MOV     R0,#LOW (PDATASTART)
                                                MOV     R7,#LOW (PDATALEN)
                                                CLR     A
                                PDATALOOP:      MOVX    @R0,A
                                                INC     R0
                                                DJNZ    R7,PDATALOOP
                                ENDIF
                        144     
                        145     IF IBPSTACK <> 0
                                EXTRN DATA (?C_IBP)
                                
                                                MOV     ?C_IBP,#LOW IBPSTACKTOP
                                ENDIF
                        150     
                        151     IF XBPSTACK <> 0
                                EXTRN DATA (?C_XBP)
                                
                                                MOV     ?C_XBP,#HIGH XBPSTACKTOP
                                                MOV     ?C_XBP+1,#LOW XBPSTACKTOP
                                ENDIF
                        157     
                        158     IF PBPSTACK <> 0
                                EXTRN DATA (?C_PBP)
                                                MOV     ?C_PBP,#LOW PBPSTACKTOP
                                ENDIF
                        162     
000014 758100     F     163                     MOV     SP,#?STACK-1
                        164     ; This code is required if you use L51_BANK.A51 with Banking Mode 4
                        165     ; EXTRN CODE (?B_SWITCH0)
                        166     ;               CALL    ?B_SWITCH0      ; init bank mechanism to code bank 0
000017 020000     E     167                     LJMP    ?C_START
                        168     
                        169                     END
AX51 MACRO ASSEMBLER  STARTUP                                                               07/01/18 15:38:53 PAGE     4

SYMBOL TABLE LISTING
------ ----- -------


N A M E                        T Y P E  V A L U E     ATTRIBUTES

?C_C51STARTUP . . . . . . . .  C  SEG   00001AH       REL=UNIT, ALN=BYTE
?C_START. . . . . . . . . . .  C  ADDR  -------       EXT
?C_STARTUP. . . . . . . . . .  C  ADDR  0000H     R   SEG=?CO?STARTUP?3
?STACK. . . . . . . . . . . .  I  SEG   000001H       REL=UNIT, ALN=BYTE
ACC . . . . . . . . . . . . .  D  ADDR  00E0H     A   
B . . . . . . . . . . . . . .  D  ADDR  00F0H     A   
DPH . . . . . . . . . . . . .  D  ADDR  0083H     A   
DPL . . . . . . . . . . . . .  D  ADDR  0082H     A   
IBPSTACK. . . . . . . . . . .  N  NUMB  0000H     A   
IBPSTACKTOP . . . . . . . . .  N  NUMB  0100H     A   
IDATALEN. . . . . . . . . . .  N  NUMB  00FFH     A   
IDATALOOP . . . . . . . . . .  C  ADDR  0003H     R   SEG=?C_C51STARTUP
IDATASTART. . . . . . . . . .  N  NUMB  0000H     A   
PBPSTACK. . . . . . . . . . .  N  NUMB  0000H     A   
PBPSTACKTOP . . . . . . . . .  N  NUMB  00010000H A   
PDATALEN. . . . . . . . . . .  N  NUMB  0000H     A   
PDATASTART. . . . . . . . . .  N  NUMB  0000H     A   
PPAGE . . . . . . . . . . . .  N  NUMB  0000H     A   
PPAGE_SFR . . . . . . . . . .  D  ADDR  00A0H     A   
PPAGEENABLE . . . . . . . . .  N  NUMB  0000H     A   
SP. . . . . . . . . . . . . .  D  ADDR  0081H     A   
STARTUP1. . . . . . . . . . .  C  ADDR  0000H     R   SEG=?C_C51STARTUP
XBPSTACK. . . . . . . . . . .  N  NUMB  0000H     A   
XBPSTACKTOP . . . . . . . . .  N  NUMB  00010000H A   
XDATALEN. . . . . . . . . . .  N  NUMB  00FFH     A   
XDATALOOP . . . . . . . . . .  C  ADDR  000EH     R   SEG=?C_C51STARTUP
XDATASTART. . . . . . . . . .  N  NUMB  0000H     A   


REGISTER BANK(S) USED: 0 


ASSEMBLY COMPLETE.  0 WARNING(S), 0 ERROR(S).
